[06:52:08] [ServerMain/INFO]: [bootstrap] Running Java 21 (OpenJDK 64-Bit Server VM 21.0.3+9-LTS; Microsoft Microsoft-9388422) on Linux 6.5.0-1022-azure (amd64)
[06:52:08] [ServerMain/INFO]: [bootstrap] Loading Paper 1.21-124-master@df3b654 (2024-08-02T00:02:38Z) for Minecraft 1.21
[06:52:08] [ServerMain/INFO]: [PluginInitializerManager] Initializing plugins...
[06:52:09] [ServerMain/INFO]: [PluginInitializerManager] Initialized 7 plugins
[06:52:09] [ServerMain/INFO]: [PluginInitializerManager] Bukkit plugins (7):
 - Elevator (3.0.5), Geyser-Spigot (2.4.1-SNAPSHOT), GravesX (4.9.3.2), ViaVersion (5.0.3), floodgate (2.2.3-SNAPSHOT (b109-49bd564)), sleep-most (5.5.0), voicechat (2.5.16)
[06:52:13] [ServerMain/INFO]: Environment: Environment[sessionHost=https://sessionserver.mojang.com, servicesHost=https://api.minecraftservices.com, name=PROD]
[06:52:14] [ServerMain/INFO]: Loaded 1290 recipes
[06:52:14] [ServerMain/INFO]: Loaded 1399 advancements
[06:52:15] [Server thread/INFO]: Starting minecraft server version 1.21
[06:52:15] [Server thread/INFO]: Loading properties
[06:52:15] [Server thread/INFO]: This server is running Paper version 1.21-124-master@df3b654 (2024-08-02T00:02:38Z) (Implementing API version 1.21-R0.1-SNAPSHOT)
[06:52:16] [Server thread/INFO]: [spark] This server bundles the spark profiler. For more information please visit https://docs.papermc.io/paper/profiling
[06:52:16] [Server thread/INFO]: Server Ping Player Sample Count: 12
[06:52:16] [Server thread/INFO]: Using 4 threads for Netty based IO
[06:52:16] [Server thread/INFO]: [ChunkTaskScheduler] Chunk system is using 1 I/O threads, 1 worker threads, and population gen parallelism of 1 threads
[06:52:17] [Server thread/INFO]: Default game type: SURVIVAL
[06:52:17] [Server thread/INFO]: Generating keypair
[06:52:17] [Server thread/INFO]: Starting Minecraft server on *:25565
[06:52:17] [Server thread/INFO]: Using epoll channel type
[06:52:17] [Server thread/INFO]: Paper: Using libdeflate (Linux x86_64) compression from Velocity.
[06:52:17] [Server thread/INFO]: Paper: Using OpenSSL 1.1.x (Linux x86_64) cipher from Velocity.
[06:52:18] [Server thread/INFO]: [SpigotLibraryLoader] [GravesX] Loading 5 libraries... please wait
[06:52:18] [Server thread/INFO]: [SpigotLibraryLoader] [GravesX] Loaded library /workspaces/MS-VM9/servidor_minecraft/libraries/org/xerial/sqlite-jdbc/3.46.0.0/sqlite-jdbc-3.46.0.0.jar
[06:52:18] [Server thread/INFO]: [SpigotLibraryLoader] [GravesX] Loaded library /workspaces/MS-VM9/servidor_minecraft/libraries/org/slf4j/slf4j-api/1.7.36/slf4j-api-1.7.36.jar
[06:52:18] [Server thread/INFO]: [SpigotLibraryLoader] [GravesX] Loaded library /workspaces/MS-VM9/servidor_minecraft/libraries/org/json/json/20240303/json-20240303.jar
[06:52:18] [Server thread/INFO]: [SpigotLibraryLoader] [GravesX] Loaded library /workspaces/MS-VM9/servidor_minecraft/libraries/org/postgresql/postgresql/42.7.3/postgresql-42.7.3.jar
[06:52:18] [Server thread/INFO]: [SpigotLibraryLoader] [GravesX] Loaded library /workspaces/MS-VM9/servidor_minecraft/libraries/org/checkerframework/checker-qual/3.42.0/checker-qual-3.42.0.jar
[06:52:18] [Server thread/INFO]: [SpigotLibraryLoader] [GravesX] Loaded library /workspaces/MS-VM9/servidor_minecraft/libraries/org/mariadb/jdbc/mariadb-java-client/3.0.3/mariadb-java-client-3.0.3.jar
[06:52:18] [Server thread/INFO]: [SpigotLibraryLoader] [GravesX] Loaded library /workspaces/MS-VM9/servidor_minecraft/libraries/com/mysql/mysql-connector-j/9.0.0/mysql-connector-j-9.0.0.jar
[06:52:18] [Server thread/INFO]: [SpigotLibraryLoader] [GravesX] Loaded library /workspaces/MS-VM9/servidor_minecraft/libraries/com/google/protobuf/protobuf-java/4.26.1/protobuf-java-4.26.1.jar
[06:52:19] [Server thread/INFO]: [ViaVersion] Loading server plugin ViaVersion v5.0.3
[06:52:19] [Server thread/INFO]: [ViaVersion] ViaVersion 5.0.3 is now loaded. Registering protocol transformers and injecting...
[06:52:20] [Via-Mappingloader-0/INFO]: [ViaVersion] Loading block connection mappings ...
[06:52:20] [Via-Mappingloader-0/INFO]: [ViaVersion] Using FastUtil Long2ObjectOpenHashMap for block connections
[06:52:21] [Server thread/INFO]: [floodgate] Loading server plugin floodgate v2.2.3-SNAPSHOT (b109-49bd564)
[06:52:23] [Server thread/WARN]: [floodgate] en_ is not a supported Floodgate language.
[06:52:23] [Server thread/INFO]: [floodgate] Took 1,730ms to boot Floodgate
[06:52:23] [Server thread/INFO]: [Elevator] Loading server plugin Elevator v3.0.5
[06:52:23] [Server thread/INFO]: [voicechat] Loading server plugin voicechat v2.5.16
[06:52:23] [Server thread/INFO]: [sleep-most] Loading server plugin sleep-most v5.5.0
[06:52:23] [Server thread/INFO]: [GravesX] Loading server plugin GravesX v4.9.3.2
[06:52:23] [Server thread/INFO]: [Geyser-Spigot] Loading server plugin Geyser-Spigot v2.4.1-SNAPSHOT
[06:52:23] [Server thread/WARN]: [Geyser-Spigot] Missing locale: en_
[06:52:25] [Server thread/INFO]: [Geyser-Spigot] Loading extensions...
[06:52:25] [Server thread/INFO]: [Geyser-Spigot] Loaded 0 extension(s)
[06:52:25] [Server thread/INFO]: Server permissions file permissions.yml is empty, ignoring it
[06:52:25] [Server thread/WARN]: **** SERVER IS RUNNING IN OFFLINE/INSECURE MODE!
[06:52:25] [Server thread/WARN]: The server will make no attempt to authenticate usernames. Beware.
[06:52:25] [Server thread/WARN]: While this makes the game possible to play without internet access, it also opens up the ability for hackers to connect with any username they choose.
[06:52:25] [Server thread/WARN]: To change this, set "online-mode" to "true" in the server.properties file.
[06:52:25] [Server thread/INFO]: Preparing level "world"
[06:52:25] [Server thread/INFO]: Preparing start region for dimension minecraft:overworld
[06:52:26] [Server thread/INFO]: Time elapsed: 1069 ms
[06:52:26] [Server thread/INFO]: Preparing start region for dimension minecraft:the_nether
[06:52:27] [Server thread/INFO]: Time elapsed: 257 ms
[06:52:27] [Server thread/INFO]: Preparing start region for dimension minecraft:the_end
[06:52:27] [Server thread/INFO]: Time elapsed: 173 ms
[06:52:27] [Server thread/INFO]: [ViaVersion] Enabling ViaVersion v5.0.3
[06:52:27] [Server thread/INFO]: [ViaVersion] ViaVersion detected server version: 1.21 (767)
[06:52:27] [Server thread/WARN]: [ViaVersion] ViaVersion does not have any compatible versions for this server version!
[06:52:27] [Server thread/WARN]: [ViaVersion] Please remember that ViaVersion only adds support for versions newer than the server version.
[06:52:27] [Server thread/WARN]: [ViaVersion] If you need support for older versions you may need to use one or more ViaVersion addons too.
[06:52:27] [Server thread/WARN]: [ViaVersion] In that case please read the ViaVersion resource page carefully or use https://viaversion.com/setup
[06:52:27] [Server thread/WARN]: [ViaVersion] and if you're still unsure, feel free to join our Discord-Server for further assistance.
[06:52:27] [Server thread/INFO]: [floodgate] Enabling floodgate v2.2.3-SNAPSHOT (b109-49bd564)
[06:52:28] [Server thread/INFO]: [Elevator] Enabling Elevator v3.0.5
[06:52:28] [Server thread/INFO]: [Elevator] Detected 1.21-R0.1-SNAPSHOT.
[06:52:28] [Server thread/INFO]: ___________ __                       __                
[06:52:28] [Server thread/INFO]: \_   _____/|  |   _______  _______ _/  |_  ___________ 
[06:52:28] [Server thread/INFO]:  |    __)_ |  | _/ __ \  \/ /\__  \\   __\/  _ \_  __ \
[06:52:28] [Server thread/INFO]:  |        \|  |_\  ___/\   /  / __ \|  | (  <_> )  | \/
[06:52:28] [Server thread/INFO]: /_______  /|____/\___  >\_/  (____  /__|  \____/|__|   
[06:52:28] [Server thread/INFO]:         \/           \/           \/                   
[06:52:28] [Server thread/INFO]: 
[06:52:28] [Server thread/INFO]: Elevator v3.0.5
[06:52:28] [Server thread/INFO]: Running on Paper
[06:52:28] [Server thread/INFO]: Authors: Baktus_79 and Synnelele
[06:52:28] [Server thread/INFO]: 
[06:52:28] [Server thread/INFO]: [Elevator] Enabling particles for elevators
[06:52:28] [Server thread/INFO]: [Elevator] Using WITCH as particle for elevators
[06:52:28] [Server thread/INFO]: [Elevator] Enabling particles for teleporters
[06:52:28] [Server thread/INFO]: [Elevator] Using IRON BLOCK as elevator block
[06:52:28] [Server thread/INFO]: [Elevator] Using SEA LANTERN as teleporter block
[06:52:28] [Server thread/INFO]: [Elevator] Using the sound entity.player.levelup on activate elevator
[06:52:28] [Server thread/INFO]: [Elevator] Using the sound entity.enderman.teleport when using elevator
[06:52:28] [Server thread/INFO]: [Elevator] Using the sound entity.enderman.teleport when using teleporters
[06:52:28] [Server thread/INFO]: [voicechat] Enabling voicechat v2.5.16
[06:52:28] [Server thread/INFO]: [voicechat] Initializing compatibility for Bukkit version 1.21-R0.1
[06:52:28] [Server thread/INFO]: [voicechat] Compatibility version 18
[06:52:29] [Server thread/INFO]: [voicechat] Successfully initialized commodore command completion
[06:52:29] [Server thread/INFO]: [voicechat] Successfully added ViaVersion mappings
[06:52:29] [Server thread/INFO]: [sleep-most] Enabling sleep-most v5.5.0
[06:52:29] [Server thread/INFO]: [GravesX] Enabling GravesX v4.9.3.2
[06:52:29] [Server thread/INFO]: [GravesX] Integration: Hooked into MiniMessage.
[06:52:29] [Server thread/INFO]: [com.ranull.graves.hikari.HikariDataSource] Graves SQLite - Starting...
[06:52:29] [Server thread/INFO]: [com.ranull.graves.hikari.pool.HikariPool] Graves SQLite - Added connection org.sqlite.jdbc4.JDBC4Connection@3a5e2f7c
[06:52:29] [Server thread/INFO]: [com.ranull.graves.hikari.HikariDataSource] Graves SQLite - Start completed.
[06:52:30] [Server thread/INFO]: [Geyser-Spigot] Enabling Geyser-Spigot v2.4.1-SNAPSHOT
[06:52:31] [Server thread/INFO]: [spark] Starting background profiler...
[06:52:31] [Server thread/INFO]: [Geyser-Spigot] ******************************************
[06:52:31] [Server thread/INFO]: [Geyser-Spigot] 
[06:52:31] [Server thread/INFO]: [Geyser-Spigot] Loading Geyser version 2.4.1-b634 (git-master-61ae5de)
[06:52:31] [Server thread/INFO]: [Geyser-Spigot] 
[06:52:31] [Server thread/INFO]: [Geyser-Spigot] ******************************************
[06:52:38] [epollEventLoopGroup-3-1/INFO]: [Geyser-Spigot] Started Geyser on 0.0.0.0:4950
[06:52:38] [Server thread/INFO]: [Geyser-Spigot] Done (7.005s)! Run /geyser help for help!
[06:52:38] [Server thread/INFO]: Done preparing level "world" (13.515s)
[06:52:39] [Server thread/INFO]: Running delayed init tasks
[06:52:39] [Craft Scheduler Thread - 2 - ViaVersion/INFO]: [ViaVersion] Finished mapping loading, shutting down loader executor!
[06:52:39] [Server thread/INFO]: Done (32.374s)! For help, type "help"
[06:52:39] [Server thread/INFO]: Timings Reset
[06:52:39] [Server thread/INFO]: [voicechat] Loading plugins
[06:52:39] [Server thread/INFO]: [voicechat] Loaded 0 plugin(s)
[06:52:39] [Server thread/INFO]: [voicechat] Initializing plugins
[06:52:39] [Server thread/INFO]: [voicechat] Initialized 0 plugin(s)
[06:52:39] [Server thread/WARN]: [voicechat] Running in offline mode - Voice chat encryption is not secure!
[06:52:39] [VoiceChatServerThread/INFO]: [voicechat] Voice host is 'economic-jazz.gl.at.ply.gg:4959'
[06:52:39] [VoiceChatServerThread/INFO]: [voicechat] Voice chat server started at port 4959
[06:52:39] [Craft Scheduler Thread - 5 - GravesX/WARN]: [GravesX] You are using an outdated version of GravesX.
[06:52:39] [Craft Scheduler Thread - 5 - GravesX/WARN]: [GravesX] Installed Version: 4.9.3.2
[06:52:39] [Craft Scheduler Thread - 5 - GravesX/WARN]: [GravesX] Latest Version:  4.9.3.3
[06:52:39] [Craft Scheduler Thread - 5 - GravesX/WARN]: [GravesX] Grab the latest release from https://www.spigotmc.org/resources/118271/
[06:53:58] [epollEventLoopGroup-4-1/INFO]: [Geyser-Spigot] Player connected with username Coyote21x
[06:53:58] [localSession-7-2/INFO]: [Geyser-Spigot] Coyote21x (logged in as: Coyote21x) has connected to the Java server
[06:53:58] [Server thread/INFO]: [floodgate] Floodgate player logged in as .Coyote21x joined (UUID: 00000000-0000-0000-0009-01f5a47a94c0)
[06:53:59] [Server thread/INFO]: .Coyote21x joined the game
[06:53:59] [Server thread/INFO]: .Coyote21x[/127.179.251.218:0] logged in with entity id 27 at ([world]-4.526883, 72.0, 68.30001)
[07:00:18] [localSession-7-2/INFO]: [Geyser-Spigot] Coyote21x has disconnected from the Java server because of Bedrock client timed out
[07:00:18] [Geyser Spigot connection thread-6-3/INFO]: [floodgate] Floodgate player logged in as .Coyote21x disconnected
[07:00:18] [Server thread/INFO]: .Coyote21x lost connection: Disconnected
[07:00:18] [Server thread/INFO]: [voicechat] Disconnecting client .Coyote21x
[07:00:18] [Server thread/INFO]: .Coyote21x left the game
